15:09:26: Creating resource group General
15:09:26: Creating resource group Internal
15:09:26: Creating resource group Autodetect
15:09:26: Registering ResourceManager for type Mesh
15:09:26: Registering ResourceManager for type Material
15:09:26: Registering ResourceManager for type Skeleton
15:09:26: Skeleton: Loading box.skeleton
15:09:26: OGRE EXCEPTION(6:FileNotFoundException): Cannot locate resource box.skeleton in resource group General or any other group. in ResourceGroupManager::openResource at ..\..\..\..\OgreMain\src\OgreResourceGroupManager.cpp (line 753)
15:09:26: Unable to load skeleton box.skeleton for Mesh conversion. This Mesh will not be animated. You can ignore this message if you are using an offline tool.
15:09:26: XMLMeshSerializer writing mesh data to box2.mesh.xml...
15:09:26: Populating DOM...
15:09:26: Writing submesh...
15:09:26: Exporting dedicated geometry bone assignments...
15:09:26: Dedicated geometry bone assignments exported.
15:09:26: Submesh exported.
15:09:26: Writing submesh...
15:09:26: Exporting dedicated geometry bone assignments...
15:09:26: Dedicated geometry bone assignments exported.
15:09:26: Submesh exported.
15:09:26: Writing submesh...
15:09:26: Exporting dedicated geometry bone assignments...
15:09:26: Dedicated geometry bone assignments exported.
15:09:26: Submesh exported.
15:09:26: Writing submesh...
15:09:26: Exporting dedicated geometry bone assignments...
15:09:26: Dedicated geometry bone assignments exported.
15:09:26: Submesh exported.
15:09:26: Writing submesh...
15:09:26: Exporting dedicated geometry bone assignments...
15:09:26: Dedicated geometry bone assignments exported.
15:09:26: Submesh exported.
15:09:26: Writing submesh...
15:09:26: Exporting dedicated geometry bone assignments...
15:09:26: Dedicated geometry bone assignments exported.
15:09:26: Submesh exported.
15:09:26: Writing submesh...
15:09:26: Exporting dedicated geometry bone assignments...
15:09:26: Dedicated geometry bone assignments exported.
15:09:26: Submesh exported.
15:09:26: Writing submesh...
15:09:26: Exporting dedicated geometry bone assignments...
15:09:26: Dedicated geometry bone assignments exported.
15:09:26: Submesh exported.
15:09:26: Exporting skeleton link...
15:09:26: Skeleton link exported.
15:09:26: Exporting LOD information...
15:09:27: LOD information exported.
15:09:27: DOM populated, writing XML file..
15:09:27: XMLMeshSerializer export successful.
15:09:27: Unregistering ResourceManager for type Skeleton
15:09:27: Unregistering ResourceManager for type Material
15:09:27: Unregistering ResourceManager for type Mesh
