13:11:13: Skeleton: Loading ogre.skeleton
13:11:13: OGRE EXCEPTION(6:FileNotFoundException): Cannot locate resource ogre.skeleton in resource group General or any other group. in ResourceGroupManager::openResource at ..\..\..\..\Program Files (x86)\ogre_src_v1-7-2\OgreMain\src\OgreResourceGroupManager.cpp (line 753)
13:11:13: Unable to load skeleton ogre.skeleton for Mesh mayaExport. This Mesh will not be animated. You can ignore this message if you are using an offline tool.
13:11:13: MeshSerializer writing mesh data to C:\Users\Spacerat\Desktop\New folder\Terrain_ogreanim\data\turrican\ogre.mesh...
13:11:13: File header written.
13:11:13: Writing mesh data...
13:11:13: Writing submesh...
13:11:13: Exporting submesh texture aliases...
13:11:13: Submesh texture aliases exported.
13:11:13: Exporting dedicated geometry bone assignments...
13:11:13: Dedicated geometry bone assignments exported.
13:11:13: Submesh exported.
13:11:13: Writing submesh...
13:11:13: Exporting submesh texture aliases...
13:11:13: Submesh texture aliases exported.
13:11:13: Exporting dedicated geometry bone assignments...
13:11:13: Dedicated geometry bone assignments exported.
13:11:13: Submesh exported.
13:11:13: Writing submesh...
13:11:13: Exporting submesh texture aliases...
13:11:13: Submesh texture aliases exported.
13:11:13: Exporting dedicated geometry bone assignments...
13:11:13: Dedicated geometry bone assignments exported.
13:11:13: Submesh exported.
13:11:13: Writing submesh...
13:11:13: Exporting submesh texture aliases...
13:11:13: Submesh texture aliases exported.
13:11:13: Exporting dedicated geometry bone assignments...
13:11:13: Dedicated geometry bone assignments exported.
13:11:13: Submesh exported.
13:11:13: Writing submesh...
13:11:13: Exporting submesh texture aliases...
13:11:13: Submesh texture aliases exported.
13:11:13: Exporting dedicated geometry bone assignments...
13:11:13: Dedicated geometry bone assignments exported.
13:11:13: Submesh exported.
13:11:13: Writing submesh...
13:11:13: Exporting submesh texture aliases...
13:11:13: Submesh texture aliases exported.
13:11:13: Exporting dedicated geometry bone assignments...
13:11:13: Dedicated geometry bone assignments exported.
13:11:13: Submesh exported.
13:11:13: Writing submesh...
13:11:13: Exporting submesh texture aliases...
13:11:13: Submesh texture aliases exported.
13:11:13: Exporting dedicated geometry bone assignments...
13:11:13: Dedicated geometry bone assignments exported.
13:11:13: Submesh exported.
13:11:13: Writing submesh...
13:11:13: Exporting submesh texture aliases...
13:11:13: Submesh texture aliases exported.
13:11:13: Exporting dedicated geometry bone assignments...
13:11:13: Dedicated geometry bone assignments exported.
13:11:13: Submesh exported.
13:11:13: Exporting skeleton link...
13:11:13: Skeleton link exported.
13:11:13: Exporting bounds information....
13:11:13: Bounds information exported.
13:11:13: Exporting submesh name table...
13:11:13: Submesh name table exported.
13:11:13: Mesh data exported.
13:11:13: MeshSerializer export successful.
13:11:13: Exporting bones..
13:11:13: Bones exported.
13:11:13: Exporting animations, count=2
13:11:13: Exporting animation: idle
13:11:13: Animation exported.
13:11:13: Exporting animation: run
13:11:13: Animation exported.
13:11:13: Unregistering ResourceManager for type Material
13:11:13: Unregistering ResourceManager for type Skeleton
13:11:13: Unregistering ResourceManager for type Mesh
