12:46:06: Skeleton: Loading box.skeleton
12:46:06: OGRE EXCEPTION(6:FileNotFoundException): Cannot locate resource box.skeleton in resource group General or any other group. in ResourceGroupManager::openResource at ..\..\..\..\Program Files (x86)\ogre_src_v1-7-2\OgreMain\src\OgreResourceGroupManager.cpp (line 753)
12:46:06: Unable to load skeleton box.skeleton for Mesh mayaExport. This Mesh will not be animated. You can ignore this message if you are using an offline tool.
12:46:06: MeshSerializer writing mesh data to C:\Users\Spacerat\Desktop\New folder\Terrain_ogreanim\data\animation\box\box.mesh...
12:46:06: File header written.
12:46:06: Writing mesh data...
12:46:06: Writing submesh...
12:46:06: Exporting submesh texture aliases...
12:46:06: Submesh texture aliases exported.
12:46:06: Exporting dedicated geometry bone assignments...
12:46:06: Dedicated geometry bone assignments exported.
12:46:06: Submesh exported.
12:46:06: Writing submesh...
12:46:06: Exporting submesh texture aliases...
12:46:06: Submesh texture aliases exported.
12:46:06: Exporting dedicated geometry bone assignments...
12:46:06: Dedicated geometry bone assignments exported.
12:46:06: Submesh exported.
12:46:06: Exporting skeleton link...
12:46:06: Skeleton link exported.
12:46:06: Exporting bounds information....
12:46:06: Bounds information exported.
12:46:06: Exporting submesh name table...
12:46:06: Submesh name table exported.
12:46:06: Mesh data exported.
12:46:06: MeshSerializer export successful.
12:46:06: Exporting bones..
12:46:06: Bones exported.
12:46:06: Exporting animations, count=1
12:46:06: Exporting animation: clip1
12:46:06: Animation exported.
12:46:06: Unregistering ResourceManager for type Material
12:46:06: Unregistering ResourceManager for type Skeleton
12:46:06: Unregistering ResourceManager for type Mesh
