18:53:56: Creating resource group General
18:53:56: Creating resource group Internal
18:53:56: Creating resource group Autodetect
18:53:56: Registering ResourceManager for type Mesh
18:53:56: Registering ResourceManager for type Material
18:53:56: Registering ResourceManager for type Skeleton
18:53:56: Skeleton: Loading turrican_maya12_simple_clip1.skeleton
18:53:56: OGRE EXCEPTION(6:FileNotFoundException): Cannot locate resource turrican_maya12_simple_clip1.skeleton in resource group General or any other group. in ResourceGroupManager::openResource at ..\..\..\..\OgreMain\src\OgreResourceGroupManager.cpp (line 753)
18:53:56: Unable to load skeleton turrican_maya12_simple_clip1.skeleton for Mesh conversion. This Mesh will not be animated. You can ignore this message if you are using an offline tool.
18:53:56: XMLMeshSerializer writing mesh data to t4.mesh.xml...
18:53:56: Populating DOM...
18:53:56: Writing submesh...
18:53:56: Exporting dedicated geometry bone assignments...
18:53:57: Dedicated geometry bone assignments exported.
18:53:57: Submesh exported.
18:53:57: Writing submesh...
18:53:57: Exporting dedicated geometry bone assignments...
18:53:57: Dedicated geometry bone assignments exported.
18:53:57: Submesh exported.
18:53:57: Writing submesh...
18:53:57: Exporting dedicated geometry bone assignments...
18:53:57: Dedicated geometry bone assignments exported.
18:53:57: Submesh exported.
18:53:57: Writing submesh...
18:53:57: Exporting dedicated geometry bone assignments...
18:53:57: Dedicated geometry bone assignments exported.
18:53:57: Submesh exported.
18:53:57: Writing submesh...
18:53:57: Exporting dedicated geometry bone assignments...
18:53:57: Dedicated geometry bone assignments exported.
18:53:57: Submesh exported.
18:53:57: Writing submesh...
18:53:57: Exporting dedicated geometry bone assignments...
18:53:57: Dedicated geometry bone assignments exported.
18:53:57: Submesh exported.
18:53:57: Writing submesh...
18:53:57: Exporting dedicated geometry bone assignments...
18:53:57: Dedicated geometry bone assignments exported.
18:53:57: Submesh exported.
18:53:57: Writing submesh...
18:53:57: Exporting dedicated geometry bone assignments...
18:53:57: Dedicated geometry bone assignments exported.
18:53:57: Submesh exported.
18:53:57: Writing submesh...
18:53:57: Exporting dedicated geometry bone assignments...
18:53:57: Dedicated geometry bone assignments exported.
18:53:57: Submesh exported.
18:53:57: Exporting skeleton link...
18:53:57: Skeleton link exported.
18:53:57: DOM populated, writing XML file..
18:53:57: XMLMeshSerializer export successful.
18:53:58: Unregistering ResourceManager for type Skeleton
18:53:58: Unregistering ResourceManager for type Material
18:53:58: Unregistering ResourceManager for type Mesh
